빌드 시작: 2017-05-01 오후 1:14:57
     1>2 노드의 "D:\Programs\VS2010\T05010_1\T05010_1\T05010_1.vcxproj" 프로젝트(build 대상)입니다.
     1>InitializeBuildStatus:
         "Debug\T05010_1.unsuccessfulbuild"에 연결(touching)하고 있습니다.
       ClCompile:
         c:\Program Files (x86)\Microsoft Visual Studio 10.0\VC\bin\CL.exe /c /ZI /nologo /W3 /WX- /Od /Oy- /D WIN32 /D _DEBUG /D _CONSOLE /D _UNICODE /D UNICODE /Gm /EHsc /RTC1 /MDd /GS /fp:precise /Zc:wchar_t /Zc:forScope /Fo"Debug\\" /Fd"Debug\vc100.pdb" /Gd /TC /analyze- /errorReport:prompt T0501.c
         T0501.c
       ManifestResourceCompile:
         모든 출력이 최신 상태입니다.
       Link:
         c:\Program Files (x86)\Microsoft Visual Studio 10.0\VC\bin\link.exe /ERRORREPORT:PROMPT /OUT:"D:\Programs\VS2010\T05010_1\Debug\T05010_1.exe" /INCREMENTAL /NOLOGO kernel32.lib user32.lib gdi32.lib winspool.lib comdlg32.lib advapi32.lib shell32.lib ole32.lib oleaut32.lib uuid.lib odbc32.lib odbccp32.lib /MANIFEST /ManifestFile:"Debug\T05010_1.exe.intermediate.manifest" /MANIFESTUAC:"level='asInvoker' uiAccess='false'" /DEBUG /PDB:"D:\Programs\VS2010\T05010_1\Debug\T05010_1.pdb" /SUBSYSTEM:CONSOLE /TLBID:1 /DYNAMICBASE /NXCOMPAT /IMPLIB:"D:\Programs\VS2010\T05010_1\Debug\T05010_1.lib" /MACHINE:X86 Debug\T05010_1.exe.embed.manifest.res
         Debug\T0501.obj
       Manifest:
         C:\Program Files (x86)\Microsoft SDKs\Windows\v7.0A\bin\mt.exe /nologo /verbose /out:"Debug\T05010_1.exe.embed.manifest" /manifest Debug\T05010_1.exe.intermediate.manifest
         모든 출력이 최신 상태입니다.
       LinkEmbedManifest:
         모든 출력이 최신 상태입니다.
         T05010_1.vcxproj -> D:\Programs\VS2010\T05010_1\Debug\T05010_1.exe
       FinalizeBuildStatus:
         "Debug\T05010_1.unsuccessfulbuild" 파일을 삭제하고 있습니다.
         "Debug\T05010_1.lastbuildstate"에 연결(touching)하고 있습니다.
     1>"D:\Programs\VS2010\T05010_1\T05010_1\T05010_1.vcxproj" 프로젝트를 빌드했습니다(build 대상).

빌드했습니다.

경과 시간: 00:00:00.97
